<?xml version="1.0" encoding="UTF-8"?>
<testsuite name="com.phonebook.tests.AddContactTests" tests="4" skipped="0" failures="0" errors="0" timestamp="2026-04-21T17:33:39" hostname="MacBookAir" time="36.101">
  <properties/>
  <testcase name="addContactPositiveTest[0](Contact{name='Kristina', phone='1234567890', lastName='Tomash', email='test1@gmail.com', address='Berlin', description='QA'})" classname="com.phonebook.tests.AddContactTests" time="1.248"/>
  <testcase name="addContactPositiveTest[1](Contact{name='Igor', phone='12345678901', lastName='Tomash', email='test2@gmail.com', address='TelAviv', description='QA'})" classname="com.phonebook.tests.AddContactTests" time="1.15"/>
  <testcase name="addContactPositiveTest[2](Contact{name='Ivan', phone='123456789011234', lastName='Tomash', email='test3@gmail.com', address='BatYam', description='QA'})" classname="com.phonebook.tests.AddContactTests" time="1.151"/>
  <testcase name="addContactPositiveTest[3](Contact{name='Lev', phone='1234567890112', lastName='Tomash', email='test4@gmail.com', address='Rishon', description='QA'})" classname="com.phonebook.tests.AddContactTests" time="1.161"/>
  <system-out><![CDATA[19:33:29.141 [Test worker] INFO  com.phonebook.core.TestBase -- Start test addContactPositiveTest with data: [Contact{name='Kristina', phone='1234567890', lastName='Tomash', email='test1@gmail.com', address='Berlin', description='QA'}]
19:33:41.070 [Test worker] INFO  com.phonebook.core.TestBase -- PASSED: addContactPositiveTest
19:33:41.073 [Test worker] INFO  com.phonebook.core.TestBase -- Stop test
19:33:41.073 [Test worker] INFO  com.phonebook.core.TestBase -- **************************
19:33:41.074 [Test worker] INFO  com.phonebook.core.TestBase -- Start test addContactPositiveTest with data: [Contact{name='Igor', phone='12345678901', lastName='Tomash', email='test2@gmail.com', address='TelAviv', description='QA'}]
19:33:52.694 [Test worker] INFO  com.phonebook.core.TestBase -- PASSED: addContactPositiveTest
19:33:52.695 [Test worker] INFO  com.phonebook.core.TestBase -- Stop test
19:33:52.695 [Test worker] INFO  com.phonebook.core.TestBase -- **************************
19:33:52.695 [Test worker] INFO  com.phonebook.core.TestBase -- Start test addContactPositiveTest with data: [Contact{name='Ivan', phone='123456789011234', lastName='Tomash', email='test3@gmail.com', address='BatYam', description='QA'}]
19:34:04.306 [Test worker] INFO  com.phonebook.core.TestBase -- PASSED: addContactPositiveTest
19:34:04.306 [Test worker] INFO  com.phonebook.core.TestBase -- Stop test
19:34:04.306 [Test worker] INFO  com.phonebook.core.TestBase -- **************************
19:34:04.307 [Test worker] INFO  com.phonebook.core.TestBase -- Start test addContactPositiveTest with data: [Contact{name='Lev', phone='1234567890112', lastName='Tomash', email='test4@gmail.com', address='Rishon', description='QA'}]
19:34:15.893 [Test worker] INFO  com.phonebook.core.TestBase -- PASSED: addContactPositiveTest
19:34:15.894 [Test worker] INFO  com.phonebook.core.TestBase -- Stop test
19:34:15.894 [Test worker] INFO  com.phonebook.core.TestBase -- **************************
]]></system-out>
  <system-err><![CDATA[]]></system-err>
</testsuite>
